<?xml version="1.0" encoding="UTF-8"?>
<!-- Generated by org.testng.reporters.JUnitXMLReporter -->
<testsuite hostname="BLRKEC350789D" name="PassingFromXML" tests="3" failures="0" timestamp="11 Apr 2018 09:18:41 GMT" time="0.036" errors="0">
  <testcase name="TestCase1" time="0.008" classname="com.dataProvider.testNG.DataProviderEx"/>
  <testcase name="TestCase1" time="0.002" classname="com.dataProvider.testNG.DataProviderEx"/>
  <testcase name="TestCase1" time="0.003" classname="com.dataProvider.testNG.DataProviderEx"/>
</testsuite> <!-- PassingFromXML -->
