<?xml version="1.0" encoding="UTF-8"?>
<!-- Generated by org.testng.reporters.JUnitXMLReporter -->
<testsuite hostname="BLRKEC350789D" name="Test" tests="3" failures="1" timestamp="11 Apr 2018 09:00:10 GMT" time="0.056" errors="0">
  <testcase name="Test1" time="0.016" classname="com.failedTC.ex.TestCase"/>
  <testcase name="Test2" time="0.002" classname="com.failedTC.ex.TestCase1"/>
  <testcase name="Test3" time="0.005" classname="com.failedTC.ex.TestCase2">
    <failure type="junit.framework.AssertionFailedError">
      <![CDATA[junit.framework.AssertionFailedError
	at junit.framework.Assert.fail(Assert.java:48)
	at junit.framework.Assert.assertTrue(Assert.java:20)
	at junit.framework.Assert.assertTrue(Assert.java:27)
	at com.failedTC.ex.TestCase2.Test3(TestCase2.java:12)
... Removed 24 stack frames]]>
    </failure>
  </testcase> <!-- Test3 -->
</testsuite> <!-- Test -->
