<?xml version="1.0" encoding="UTF-8"?>
<!-- Generated by org.testng.reporters.JUnitXMLReporter -->
<testsuite hostname="BLRKEC350789D" name="Test(failed)" tests="1" failures="1" timestamp="11 Apr 2018 09:19:49 GMT" time="0.017" errors="0">
  <testcase name="Test3" time="0.008" classname="com.failedTC.ex.TestCase2">
    <failure type="junit.framework.AssertionFailedError">
      <![CDATA[junit.framework.AssertionFailedError
	at junit.framework.Assert.fail(Assert.java:48)
	at junit.framework.Assert.assertTrue(Assert.java:20)
	at junit.framework.Assert.assertTrue(Assert.java:27)
	at com.failedTC.ex.TestCase2.Test3(TestCase2.java:12)
	at com.failedTC.ex.TestRunns.main(TestRunns.java:20)
... Removed 21 stack frames]]>
    </failure>
  </testcase> <!-- Test3 -->
</testsuite> <!-- Test(failed) -->
